Using pre-set license
Built from '2022.3/staging' branch; Version is '2022.3.23f1 (dbb3f7c5b5c6) revision 14398455'; Using compiler version '192829333'; Build Type 'Release'
OS: 'Windows 10  (10.0.19045) 64bit Professional' Language: 'es' Physical Memory: 15663 MB
BatchMode: 1, IsHumanControllingUs: 0, StartBugReporterOnCrash: 0, Is64bit: 1, IsPro: 1

COMMAND LINE ARGUMENTS:
C:\Program Files\Unity\Hub\Editor\2022.3.23f1\Editor\Unity.exe
-adb2
-batchMode
-noUpm
-name
AssetImportWorker8
-projectPath
D:/Unity/Racing Game/RacingGame/Racing Game
-logFile
Logs/AssetImportWorker8.log
-srvPort
61792
Successfully changed project path to: D:/Unity/Racing Game/RacingGame/Racing Game
D:/Unity/Racing Game/RacingGame/Racing Game
[UnityMemory] Configuration Parameters - Can be set up in boot.config
    "memorysetup-bucket-allocator-granularity=16"
    "memorysetup-bucket-allocator-bucket-count=8"
    "memorysetup-bucket-allocator-block-size=33554432"
    "memorysetup-bucket-allocator-block-count=8"
    "memorysetup-main-allocator-block-size=16777216"
    "memorysetup-thread-allocator-block-size=16777216"
    "memorysetup-gfx-main-allocator-block-size=16777216"
    "memorysetup-gfx-thread-allocator-block-size=16777216"
    "memorysetup-cache-allocator-block-size=4194304"
    "memorysetup-typetree-allocator-block-size=2097152"
    "memorysetup-profiler-bucket-allocator-granularity=16"
    "memorysetup-profiler-bucket-allocator-bucket-count=8"
    "memorysetup-profiler-bucket-allocator-block-size=33554432"
    "memorysetup-profiler-bucket-allocator-block-count=8"
    "memorysetup-profiler-allocator-block-size=16777216"
    "memorysetup-profiler-editor-allocator-block-size=1048576"
    "memorysetup-temp-allocator-size-main=16777216"
    "memorysetup-job-temp-allocator-block-size=2097152"
    "memorysetup-job-temp-allocator-block-size-background=1048576"
    "memorysetup-job-temp-allocator-reduction-small-platforms=262144"
    "memorysetup-allocator-temp-initial-block-size-main=262144"
    "memorysetup-allocator-temp-initial-block-size-worker=262144"
    "memorysetup-temp-allocator-size-background-worker=32768"
    "memorysetup-temp-allocator-size-job-worker=262144"
    "memorysetup-temp-allocator-size-preload-manager=33554432"
    "memorysetup-temp-allocator-size-nav-mesh-worker=65536"
    "memorysetup-temp-allocator-size-audio-worker=65536"
    "memorysetup-temp-allocator-size-cloud-worker=32768"
    "memorysetup-temp-allocator-size-gi-baking-worker=262144"
    "memorysetup-temp-allocator-size-gfx=262144"
Player connection [31732] Host "[IP] 192.168.56.1 [Port] 0 [Flags] 2 [Guid] 201974335 [EditorId] 201974335 [Version] 1048832 [Id] WindowsEditor(7,DESKTOP-34ORN0V) [Debug] 1 [PackageName] WindowsEditor [ProjectName] Editor" joined multi-casting on [225.0.0.222:54997]...

Player connection [31732] Host "[IP] 192.168.56.1 [Port] 0 [Flags] 2 [Guid] 201974335 [EditorId] 201974335 [Version] 1048832 [Id] WindowsEditor(7,DESKTOP-34ORN0V) [Debug] 1 [PackageName] WindowsEditor [ProjectName] Editor" joined alternative multi-casting on [225.0.0.222:34997]...

[Physics::Module] Initialized MultithreadedJobDispatcher with 15 workers.
Refreshing native plugins compatible for Editor in 7.59 ms, found 3 plugins.
Preloading 0 native plugins for Editor in 0.00 ms.
Initialize engine version: 2022.3.23f1 (dbb3f7c5b5c6)
[Subsystems] Discovering subsystems at path C:/Program Files/Unity/Hub/Editor/2022.3.23f1/Editor/Data/Resources/UnitySubsystems
[Subsystems] Discovering subsystems at path D:/Unity/Racing Game/RacingGame/Racing Game/Assets
GfxDevice: creating device client; threaded=0; jobified=0
Direct3D:
    Version:  Direct3D 11.0 [level 11.1]
    Renderer: NVIDIA GeForce RTX 3050 (ID=0x2584)
    Vendor:   NVIDIA
    VRAM:     6002 MB
    Driver:   32.0.15.6636
Initialize mono
Mono path[0] = 'C:/Program Files/Unity/Hub/Editor/2022.3.23f1/Editor/Data/Managed'
Mono path[1] = 'C:/Program Files/Unity/Hub/Editor/2022.3.23f1/Editor/Data/MonoBleedingEdge/lib/mono/unityjit-win32'
Mono config path = 'C:/Program Files/Unity/Hub/Editor/2022.3.23f1/Editor/Data/MonoBleedingEdge/etc'
Using monoOptions --debugger-agent=transport=dt_socket,embedding=1,server=y,suspend=n,address=127.0.0.1:56412
Begin MonoManager ReloadAssembly
Registering precompiled unity dll's ...
Register platform support module: C:/Program Files/Unity/Hub/Editor/2022.3.23f1/Editor/Data/PlaybackEngines/WindowsStandaloneSupport/UnityEditor.WindowsStandalone.Extensions.dll
Registered in 0.010378 seconds.
- Loaded All Assemblies, in  0.357 seconds
Native extension for WindowsStandalone target not found
Mono: successfully reloaded assembly
- Finished resetting the current domain, in  0.284 seconds
Domain Reload Profiling: 639ms
	BeginReloadAssembly (109ms)
		ExecutionOrderSort (0ms)
		DisableScriptedObjects (0ms)
		BackupInstance (0ms)
		ReleaseScriptingObjects (0ms)
		CreateAndSetChildDomain (1ms)
	RebuildCommonClasses (32ms)
	RebuildNativeTypeToScriptingClass (11ms)
	initialDomainReloadingComplete (67ms)
	LoadAllAssembliesAndSetupDomain (136ms)
		LoadAssemblies (106ms)
		RebuildTransferFunctionScriptingTraits (0ms)
		AnalyzeDomain (134ms)
			TypeCache.Refresh (132ms)
				TypeCache.ScanAssembly (120ms)
			ScanForSourceGeneratedMonoScriptInfo (0ms)
			ResolveRequiredComponents (0ms)
	FinalizeReload (284ms)
		ReleaseScriptCaches (0ms)
		RebuildScriptCaches (0ms)
		SetupLoadedEditorAssemblies (226ms)
			LogAssemblyErrors (0ms)
			InitializePlatformSupportModulesInManaged (12ms)
			SetLoadedEditorAssemblies (8ms)
			RefreshPlugins (0ms)
			BeforeProcessingInitializeOnLoad (2ms)
			ProcessInitializeOnLoadAttributes (156ms)
			ProcessInitializeOnLoadMethodAttributes (47ms)
			AfterProcessingInitializeOnLoad (0ms)
			EditorAssembliesLoaded (0ms)
		ExecutionOrderSort2 (0ms)
		AwakeInstancesAfterBackupRestoration (0ms)
========================================================================
Worker process is ready to serve import requests
Begin MonoManager ReloadAssembly
- Loaded All Assemblies, in  0.650 seconds
Refreshing native plugins compatible for Editor in 2.23 ms, found 3 plugins.
Native extension for WindowsStandalone target not found
Package Manager log level set to [2]
[Package Manager] Server::EnsureServerProcessIsRunning -- launch failed, reason: Unity was launched with the -noUpm command-line argument
[Package Manager] UpmClient::Send -- Unable to send message (not connected to UPM process).
[Package Manager] Cannot connect to Unity Package Manager local server
Mono: successfully reloaded assembly
- Finished resetting the current domain, in  0.468 seconds
Domain Reload Profiling: 1116ms
	BeginReloadAssembly (130ms)
		ExecutionOrderSort (0ms)
		DisableScriptedObjects (5ms)
		BackupInstance (0ms)
		ReleaseScriptingObjects (0ms)
		CreateAndSetChildDomain (19ms)
	RebuildCommonClasses (28ms)
	RebuildNativeTypeToScriptingClass (8ms)
	initialDomainReloadingComplete (39ms)
	LoadAllAssembliesAndSetupDomain (442ms)
		LoadAssemblies (374ms)
		RebuildTransferFunctionScriptingTraits (0ms)
		AnalyzeDomain (147ms)
			TypeCache.Refresh (128ms)
				TypeCache.ScanAssembly (116ms)
			ScanForSourceGeneratedMonoScriptInfo (14ms)
			ResolveRequiredComponents (4ms)
	FinalizeReload (469ms)
		ReleaseScriptCaches (0ms)
		RebuildScriptCaches (0ms)
		SetupLoadedEditorAssemblies (353ms)
			LogAssemblyErrors (0ms)
			InitializePlatformSupportModulesInManaged (6ms)
			SetLoadedEditorAssemblies (3ms)
			RefreshPlugins (0ms)
			BeforeProcessingInitializeOnLoad (57ms)
			ProcessInitializeOnLoadAttributes (257ms)
			ProcessInitializeOnLoadMethodAttributes (22ms)
			AfterProcessingInitializeOnLoad (9ms)
			EditorAssembliesLoaded (0ms)
		ExecutionOrderSort2 (0ms)
		AwakeInstancesAfterBackupRestoration (6ms)
Launched and connected shader compiler UnityShaderCompiler.exe after 0.05 seconds
Refreshing native plugins compatible for Editor in 2.23 ms, found 3 plugins.
Preloading 0 native plugins for Editor in 0.00 ms.
Unloading 3581 Unused Serialized files (Serialized files now loaded: 0)
Unloading 49 unused Assets / (60.8 KB). Loaded Objects now: 4055.
Memory consumption went from 141.2 MB to 141.1 MB.
Total: 2.787700 ms (FindLiveObjects: 0.222900 ms CreateObjectMapping: 0.177700 ms MarkObjects: 2.283100 ms  DeleteObjects: 0.103400 ms)

AssetImportParameters requested are different than current active one (requested -> active):
  custom:scripting/monoscript/fileName/SplinatedMeshMaker.cs: 186136378e741b1e92d8fbdbcf063e2f -> 
  custom:scripting/monoscript/fileName/RoadEditorUtility.cs: aadc3b81bfedf1ffc35b7aeacbfca77b -> 
  custom:scripting/monoscript/fileName/TerrainHistoryMaker.cs: bd80db21eac75d32af7d11f2fb3695f2 -> 
  custom:container-demuxer-ogg: 62fdf1f143b41e24485cea50d1cbac27 -> 
  custom:scripting/monoscript/fileName/TerrainCalcsStatic.cs: fa5f93e121a52547e20309ea9504a382 -> 
  custom:scripting/monoscript/fileName/RoadCalcs2.cs: 7b1afd003c699c88451afd4285bbe6fa -> 
  custom:scripting/monoscript/fileName/RoadIntersection.cs: 92d45852f1af91bf0ccd308afe266e09 -> 
  custom:scripting/monoscript/fileName/Construction3DTri.cs: 2cd999df35fbfe8cd72664ba10275c86 -> 
  custom:video-decoder-ogg-theora: a1e56fd34408186e4bbccfd4996cb3dc -> 
  custom:scripting/monoscript/fileName/Construction2DRect.cs: ffc8fc0e59fa371a2178467517889e7c -> 
  custom:framework-win-MediaFoundation: 216162199b28c13a410421893ffa2e32 -> 
  custom:scripting/monoscript/fileName/SplineNEditor.cs: 9d8eb50e307d1c93be1070e8a706f00a -> 
  custom:scripting/monoscript/fileName/RoadTerrainInfo.cs: 550e88b2d57f10b0c35881cb9f8c0fb4 -> 
  custom:scripting/monoscript/fileName/ObjExporter.cs: 8562f4b50d93ddcb2326ea0f978c943c -> 
  custom:scripting/monoscript/fileName/RoadCreationT.cs: 77465fc944fb16a19b9ba80482d8c7b1 -> 
  custom:scripting/monoscript/fileName/RoadTerrain.cs: f0b7133f5e91d3d32775df6ba3627408 -> 
  custom:scripting/monoscript/fileName/EdgeObjectMaker.cs: 5feb4d5d32839603c5593f4a7ea6a852 -> 
  custom:scripting/monoscript/fileName/TerrainEditor.cs: 787cfecfe38e41697629da2e9b24884a -> 
  custom:CustomObjectIndexerAttribute: 9a22284fe3817be447336de3de66b15e -> 
  custom:scripting/monoscript/fileName/IntersectionObjects.cs: 1e48db207cf89fa5f970d99eeb99c011 -> 
  custom:scripting/monoscript/fileName/RoadUtility.cs: 32bbf2ee15e6541e1a7cbeda98578ff7 -> 
  custom:scripting/monoscript/fileName/SplineI.cs: 7e30dd4fe2217b9b6bf0e18a606f91c6 -> 
  custom:container-demuxer-webm: 4f35f7cbe854078d1ac9338744f61a02 -> 
  custom:scripting/monoscript/fileName/SplineF.cs: ac325033576b03a37943313cc9bc5a75 -> 
  custom:scripting/monoscript/fileName/SplineC.cs: ab55d70c397b1300c38c36579632b722 -> 
  custom:scripting/monoscript/fileName/RoadCalcs1.cs: 050391e08fe6448ed393e837ab38404f -> 
  custom:scripting/monoscript/fileName/Terraforming.cs: ff753df9aedd8a707394741abe2f68eb -> 
  custom:scripting/monoscript/fileName/RenderQueue.cs: 5d63b902061c180d5e87c007275782ad -> 
  custom:scripting/monoscript/fileName/TrafficLightController.cs: 52bf7baafaa68f33b5ff77e5d9a12d73 -> 
  custom:container-muxer-webm: aa71ff27fc2769a1b78a27578f13a17b -> 
  custom:video-decoder-webm-vp8: 9c59270c3fd7afecdb556c50c9e8de78 -> 
  custom:scripting/monoscript/fileName/EditorMenu.cs: 4fcf611837d4b00cb8f092553e14b831 -> 
  custom:scripting/monoscript/fileName/UnitTests.cs: 35e12a940897bb4781c67c5d0a24d714 -> 
  custom:SearchIndexIgnoredProperties: e643bd26f0fe6173181afceb89e7c659 -> 
  custom:AudioImporter_EditorPlatform: d09bf68614088b80899f8185d706f6e7 -> 
  custom:scripting/monoscript/fileName/SplineN.cs: 3e104c32ef3dcd69f327308191a4fa9a -> 
  custom:scripting/monoscript/fileName/SplineCEditor.cs: 860f5f2f84864a005d3a2c1ee9ca7abe -> 
  custom:scripting/monoscript/fileName/Construction.cs: 53abc802e047effc7c0dee9eddd0431e -> 
  custom:scripting/monoscript/fileName/Wizard.cs: 72f9ea201e90443c853665d29385d354 -> ea121c7f64c2dd8c51a067cc0f9ecb93
  custom:scripting/monoscript/fileName/TerrainCalcs.cs: f7242144bc479c49ec528ba77e5a7f34 -> 
  custom:scripting/monoscript/fileName/SplineIEditor.cs: 6ee08df8f84d526928150494384dc400 -> 
  custom:scripting/monoscript/fileName/EngineIntegration.cs: 50d01c06f5c8b20af9615e215abd5cf7 -> 
  custom:scripting/monoscript/fileName/iConstructionMaker.cs: 9efa4a993893a71addfe0ade981140b3 -> 
  custom:scripting/monoscript/fileName/TerrainHistoryUtility.cs: 63ac9d9755af7755253ddf79d0fb5ab9 -> 
  custom:scripting/monoscript/fileName/RootUtils.cs: c29654a2fe610dfe05fd0b74f07f6952 -> 
  custom:scripting/monoscript/fileName/RoadEditor.cs: cd2e1b9be3e16dca3148f4158b900491 -> 08dc25c2675655d08bb7c5f9d177392b
  custom:scripting/monoscript/fileName/SaveWindow.cs: fddeca34a3429718452045d8bcec33a9 -> 
  custom:scripting/monoscript/fileName/ThreadedJob.cs: 1d0a7ad496a66e1278d0c29c0bc581f4 -> 
  custom:scripting/monoscript/fileName/Navigation.cs: 9a4e18d0c7c48076c431915d4d91bc98 -> e35012b3e8f0b9a62e22595c530c4b09
  custom:scripting/monoscript/fileName/RigidBody.cs: ae228432693cc3375a6e734c5fb0f6e1 -> 
  custom:scripting/monoscript/fileName/TerraformingThreaded.cs: 7a23fbf91ed418e695a7ff30243815fd -> 
  custom:scripting/monoscript/fileName/RoadSystemEditor.cs: a625c088d0b662550341b7739c042bd8 -> 9206da15b56c9c166b467f66a2025cb4
  custom:scripting/monoscript/fileName/RoadAutomation.cs: 2cf3f08d2fe3baaf3a2d0fd69609d083 -> 
  custom:scripting/monoscript/fileName/Road.cs: a71307ed2f17192f4adc162bd71c991e -> aed53cb10c938289d34b2b8da2270f4d
  custom:video-encoder-webm-vp8: eb34c28f22e8b96e1ab97ce403110664 -> 
  custom:audio-decoder-ogg-vorbis: bf7c407c2cedff20999df2af8eb42d56 -> 
  custom:scripting/monoscript/fileName/SplineFEditor.cs: 2f6d4d3e4076b6c520fe2d5e651bd9cb -> 
  custom:scripting/monoscript/fileName/EditorUtilities.cs: 11cc1bbcf7b1c81ef654de0cf57510d1 -> 
  custom:scripting/monoscript/fileName/RoadConstructorBufferMaker.cs: b0f8e23385514f69147878f98fac074a -> 
  custom:scripting/monoscript/fileName/SplinePreviewNode.cs: 277e796781ff722c875a730be3f927e6 -> 
  custom:audio-encoder-webm-vorbis: bf7c407c2cedff20999df2af8eb42d56 -> 
  custom:scripting/monoscript/fileName/RoadSystem.cs: 943a6aaaf90119241a0e1f19a31b7f72 -> c3eb2d97756052647d450f7f63250995
  custom:scripting/monoscript/fileName/EditorProgressWindow.cs: daecd317efc267be9a12d5ce379edf25 -> 
  custom:scripting/monoscript/fileName/Intersections.cs: 7fd2a4d6224c7e7d7d76fbad2126eac7 -> 
  custom:scripting/monoscript/fileName/WizardObject.cs: e5389e559bc3485bb2dedbd70b36120b -> 
  custom:scripting/monoscript/fileName/TrafficLightSequence.cs: 1d1a4ebf43a02b35e26820585d5da7c3 -> 
  custom:scripting/monoscript/fileName/HelpWindow.cs: f60ce93101b67dcf54db0b2826233ade -> 
  custom:scripting/monoscript/fileName/RoadIntersectionEditor.cs: 8ebd32469b64dcd61567d500d144979e -> 
========================================================================
Received Import Request.
  Time since last request: 23981.203743 seconds.
  path: Assets/Settings/Editor/RoadSystemSettings.asset
  artifactKey: Guid(4360ebcd562daa745b7dcda22ea02e9a) Importer(2089858483,0ecaa5967403d082aa24f35e1b516d23)
Start importing Assets/Settings/Editor/RoadSystemSettings.asset using Guid(4360ebcd562daa745b7dcda22ea02e9a) Importer(2089858483,0ecaa5967403d082aa24f35e1b516d23)  -> (artifact id: 'f7de2648da0e5e244e71c629904c4a2b') in 0.081250 seconds
Number of updated asset objects reloaded before import = 0
Number of asset objects unloaded after import = 1
========================================================================
Received Import Request.
  Time since last request: 85.054171 seconds.
  path: Packages/com.barmetler.roadsystem/Tests
  artifactKey: Guid(55749002a4dd5cb4a8732cc62721d366) Importer(815301076,1909f56bfc062723c751e8b465ee728b)
Start importing Packages/com.barmetler.roadsystem/Tests using Guid(55749002a4dd5cb4a8732cc62721d366) Importer(815301076,1909f56bfc062723c751e8b465ee728b)  -> (artifact id: 'b9b6b1ef5853df963942474f20fa280b') in 0.000453 seconds
Number of updated asset objects reloaded before import = 0
Number of asset objects unloaded after import = 0
========================================================================
Received Import Request.
  Time since last request: 0.790661 seconds.
  path: Packages/com.barmetler.roadsystem/Tests/Editor
  artifactKey: Guid(1f36167a99c50ef4ba0b3d25fcdac817) Importer(815301076,1909f56bfc062723c751e8b465ee728b)
Start importing Packages/com.barmetler.roadsystem/Tests/Editor using Guid(1f36167a99c50ef4ba0b3d25fcdac817) Importer(815301076,1909f56bfc062723c751e8b465ee728b)  -> (artifact id: '0311242257793490bd27f260c40c5967') in 0.000416 seconds
Number of updated asset objects reloaded before import = 0
Number of asset objects unloaded after import = 0
========================================================================
Received Import Request.
  Time since last request: 0.041516 seconds.
  path: Packages/com.barmetler.roadsystem/Tests/Editor/Barmetler.RoadSystem.Editor.Tests.asmdef
  artifactKey: Guid(e710aff673bf64241930da623b44a43a) Importer(815301076,1909f56bfc062723c751e8b465ee728b)
Start importing Packages/com.barmetler.roadsystem/Tests/Editor/Barmetler.RoadSystem.Editor.Tests.asmdef using Guid(e710aff673bf64241930da623b44a43a) Importer(815301076,1909f56bfc062723c751e8b465ee728b)  -> (artifact id: 'a050f0fe598522f21ec0ac3950796edc') in 0.000370 seconds
Number of updated asset objects reloaded before import = 0
Number of asset objects unloaded after import = 0
========================================================================
Received Import Request.
  Time since last request: 2.843412 seconds.
  path: Packages/com.barmetler.roadsystem/Tests/Runtime
  artifactKey: Guid(9e933e482c0741b4a8fe3204674a1668) Importer(815301076,1909f56bfc062723c751e8b465ee728b)
Start importing Packages/com.barmetler.roadsystem/Tests/Runtime using Guid(9e933e482c0741b4a8fe3204674a1668) Importer(815301076,1909f56bfc062723c751e8b465ee728b)  -> (artifact id: 'fad1b082e1c4281276363a633daf5f3e') in 0.000354 seconds
Number of updated asset objects reloaded before import = 0
Number of asset objects unloaded after import = 0
========================================================================
Received Import Request.
  Time since last request: 0.045580 seconds.
  path: Packages/com.barmetler.roadsystem/Tests/Runtime/Barmetler.RoadSystem.Runtime.Tests.asmdef
  artifactKey: Guid(5aab4a6d24a67e244b5fdce4f54fc8fd) Importer(815301076,1909f56bfc062723c751e8b465ee728b)
Start importing Packages/com.barmetler.roadsystem/Tests/Runtime/Barmetler.RoadSystem.Runtime.Tests.asmdef using Guid(5aab4a6d24a67e244b5fdce4f54fc8fd) Importer(815301076,1909f56bfc062723c751e8b465ee728b)  -> (artifact id: 'a26dec3d59c7b849c69bc5fd3be7b17a') in 0.000355 seconds
Number of updated asset objects reloaded before import = 0
Number of asset objects unloaded after import = 0
========================================================================
Received Import Request.
  Time since last request: 180.669198 seconds.
  path: Assets/KajamansRoads/Free/Meshes/l10km_cc4_sl69_t(1212029)_rw12_wh15_n1_RsBtW_MeshV00.asset
  artifactKey: Guid(63d26076eb2a23b48b4f5c8d20edc420) Importer(2089858483,0ecaa5967403d082aa24f35e1b516d23)
Start importing Assets/KajamansRoads/Free/Meshes/l10km_cc4_sl69_t(1212029)_rw12_wh15_n1_RsBtW_MeshV00.asset using Guid(63d26076eb2a23b48b4f5c8d20edc420) Importer(2089858483,0ecaa5967403d082aa24f35e1b516d23)  -> (artifact id: 'df4345f44bc29b056524a129a000b80f') in 0.011206 seconds
Number of updated asset objects reloaded before import = 0
Number of asset objects unloaded after import = 1
========================================================================
Received Import Request.
  Time since last request: 0.000017 seconds.
  path: Assets/KajamansRoads/Free/Prefabs/l20km_cc2_sl30_t(401509)_rw28_wh15_n1_RsBTW_MeshV00.prefab
  artifactKey: Guid(a7e9891f686821e46ade0477d65446f6) Importer(2089858483,0ecaa5967403d082aa24f35e1b516d23)
Start importing Assets/KajamansRoads/Free/Prefabs/l20km_cc2_sl30_t(401509)_rw28_wh15_n1_RsBTW_MeshV00.prefab using Guid(a7e9891f686821e46ade0477d65446f6) Importer(2089858483,0ecaa5967403d082aa24f35e1b516d23)  -> (artifact id: 'eea359020226c76c7479b7853389ee0c') in 0.029720 seconds
Number of updated asset objects reloaded before import = 0
Number of asset objects unloaded after import = 9
========================================================================
Received Import Request.
  Time since last request: 0.000020 seconds.
  path: Assets/KajamansRoads/Free/Prefabs/l10km_cc4_sl20_t(12123025)_A87113010_Alley.prefab
  artifactKey: Guid(7cc1045a0e531c442bdc048fdfbd1231) Importer(2089858483,0ecaa5967403d082aa24f35e1b516d23)
Start importing Assets/KajamansRoads/Free/Prefabs/l10km_cc4_sl20_t(12123025)_A87113010_Alley.prefab using Guid(7cc1045a0e531c442bdc048fdfbd1231) Importer(2089858483,0ecaa5967403d082aa24f35e1b516d23)  -> (artifact id: '4893a803e692cbc59f6d2a87ab6bbd3a') in 0.008534 seconds
Number of updated asset objects reloaded before import = 0
Number of asset objects unloaded after import = 7
========================================================================
Received Import Request.
  Time since last request: 0.000042 seconds.
  path: Assets/KajamansRoads/Materials/GuardRailMob.mat
  artifactKey: Guid(d07e65a7ea4251342bccc1ac50e4f453) Importer(2089858483,0ecaa5967403d082aa24f35e1b516d23)
Start importing Assets/KajamansRoads/Materials/GuardRailMob.mat using Guid(d07e65a7ea4251342bccc1ac50e4f453) Importer(2089858483,0ecaa5967403d082aa24f35e1b516d23)  -> (artifact id: '9dadc5766572f23ee2f28d13a87ba67e') in 0.043956 seconds
Number of updated asset objects reloaded before import = 0
Number of asset objects unloaded after import = 3
========================================================================
Received Import Request.
  Time since last request: 0.000017 seconds.
  path: Assets/KajamansRoads/Free/Meshes/l10km_cc4_sl20_t(12123025)_rw10_wh3_n3_RsBTW_MeshV00.text
  artifactKey: Guid(398e47e8a8dc3b54a9cdfaf77b22ab51) Importer(2089858483,0ecaa5967403d082aa24f35e1b516d23)
Start importing Assets/KajamansRoads/Free/Meshes/l10km_cc4_sl20_t(12123025)_rw10_wh3_n3_RsBTW_MeshV00.text using Guid(398e47e8a8dc3b54a9cdfaf77b22ab51) Importer(2089858483,0ecaa5967403d082aa24f35e1b516d23)  -> (artifact id: 'fad6985bc2b602c2d23c4b53587012a6') in 0.002533 seconds
Number of updated asset objects reloaded before import = 0
Number of asset objects unloaded after import = 1
========================================================================
Received Import Request.
  Time since last request: 0.000023 seconds.
  path: Assets/KajamansRoads/Materials/2RoadMat.mat
  artifactKey: Guid(fce506d6213fc8645809d972536683b5) Importer(2089858483,0ecaa5967403d082aa24f35e1b516d23)
Start importing Assets/KajamansRoads/Materials/2RoadMat.mat using Guid(fce506d6213fc8645809d972536683b5) Importer(2089858483,0ecaa5967403d082aa24f35e1b516d23)  -> (artifact id: 'dab44f563fd760590370264ef5922781') in 0.035851 seconds
Number of updated asset objects reloaded before import = 0
Number of asset objects unloaded after import = 3
========================================================================
Received Import Request.
  Time since last request: 0.000021 seconds.
  path: Assets/KajamansRoads/Textures/GrassGreenTexture512x512.png
  artifactKey: Guid(d993ba769cd22a143bb9a9c8ad1a9bbe) Importer(2089858483,0ecaa5967403d082aa24f35e1b516d23)
Start importing Assets/KajamansRoads/Textures/GrassGreenTexture512x512.png using Guid(d993ba769cd22a143bb9a9c8ad1a9bbe) Importer(2089858483,0ecaa5967403d082aa24f35e1b516d23)  -> (artifact id: 'd0f240f61f5bf7b473982a73099c3fbc') in 0.037565 seconds
Number of updated asset objects reloaded before import = 0
Number of asset objects unloaded after import = 1
========================================================================
Received Import Request.
  Time since last request: 0.000016 seconds.
  path: Assets/KajamansRoads/Materials/4RoadMob.mat
  artifactKey: Guid(6ce1fb43cedab4144bae5e1f87517e7a) Importer(2089858483,0ecaa5967403d082aa24f35e1b516d23)
Start importing Assets/KajamansRoads/Materials/4RoadMob.mat using Guid(6ce1fb43cedab4144bae5e1f87517e7a) Importer(2089858483,0ecaa5967403d082aa24f35e1b516d23)  -> (artifact id: '89e21192026e60cd7923736b9855d07f') in 0.004349 seconds
Number of updated asset objects reloaded before import = 0
Number of asset objects unloaded after import = 3
========================================================================
Received Import Request.
  Time since last request: 0.000010 seconds.
  path: Assets/KajamansRoads/Free/Obj/l10km_cc4_sl20_t(12123025)_A87113010_Alley.obj
  artifactKey: Guid(fd4a0cb4c013bfe4490ba77940a5a695) Importer(2089858483,0ecaa5967403d082aa24f35e1b516d23)
Start importing Assets/KajamansRoads/Free/Obj/l10km_cc4_sl20_t(12123025)_A87113010_Alley.obj using Guid(fd4a0cb4c013bfe4490ba77940a5a695) Importer(2089858483,0ecaa5967403d082aa24f35e1b516d23)  -> (artifact id: 'a6ea19f999b27e5baf12134fc7c924fa') in 0.019229 seconds
Number of updated asset objects reloaded before import = 0
Number of asset objects unloaded after import = 9
========================================================================
Received Import Request.
  Time since last request: 0.000016 seconds.
  path: Assets/KajamansRoads/Free/Obj/Materials/group2Mat.mat
  artifactKey: Guid(eb1935a972591ff43a0c43240a5ed657) Importer(2089858483,0ecaa5967403d082aa24f35e1b516d23)
Start importing Assets/KajamansRoads/Free/Obj/Materials/group2Mat.mat using Guid(eb1935a972591ff43a0c43240a5ed657) Importer(2089858483,0ecaa5967403d082aa24f35e1b516d23)  -> (artifact id: '215a4ad7871e11fbf2217b8acae86d19') in 0.003057 seconds
Number of updated asset objects reloaded before import = 0
Number of asset objects unloaded after import = 1
========================================================================
Received Import Request.
  Time since last request: 0.000018 seconds.
  path: Assets/KajamansRoads/Materials/1RoadMat.mat
  artifactKey: Guid(3a7596c57e2138b4c83f87f7b0aa4074) Importer(2089858483,0ecaa5967403d082aa24f35e1b516d23)
Start importing Assets/KajamansRoads/Materials/1RoadMat.mat using Guid(3a7596c57e2138b4c83f87f7b0aa4074) Importer(2089858483,0ecaa5967403d082aa24f35e1b516d23)  -> (artifact id: 'fd58fe35618f389153fb9925fe149168') in 0.003194 seconds
Number of updated asset objects reloaded before import = 0
Number of asset objects unloaded after import = 2
========================================================================
Received Import Request.
  Time since last request: 0.000012 seconds.
  path: Assets/KajamansRoads/Free/Meshes/l10km_cc4_sl20_t(12123025)_A87113010_Alley.text
  artifactKey: Guid(cab0abcb2fe9e3d4c9e2a0f6a7268cf9) Importer(2089858483,0ecaa5967403d082aa24f35e1b516d23)
Start importing Assets/KajamansRoads/Free/Meshes/l10km_cc4_sl20_t(12123025)_A87113010_Alley.text using Guid(cab0abcb2fe9e3d4c9e2a0f6a7268cf9) Importer(2089858483,0ecaa5967403d082aa24f35e1b516d23)  -> (artifact id: 'd5d32160d423be9d2344da22339cf9a7') in 0.002484 seconds
Number of updated asset objects reloaded before import = 0
Number of asset objects unloaded after import = 1
========================================================================
Received Import Request.
  Time since last request: 0.000016 seconds.
  path: Assets/KajamansRoads/Materials/DirtRoadMob.mat
  artifactKey: Guid(bb1c5d5e8f23ff14c9a32795bfea3a76) Importer(2089858483,0ecaa5967403d082aa24f35e1b516d23)
Start importing Assets/KajamansRoads/Materials/DirtRoadMob.mat using Guid(bb1c5d5e8f23ff14c9a32795bfea3a76) Importer(2089858483,0ecaa5967403d082aa24f35e1b516d23)  -> (artifact id: '32ae60f7147ade4bb44ebd4aed54f756') in 0.004761 seconds
Number of updated asset objects reloaded before import = 0
Number of asset objects unloaded after import = 3
========================================================================
Received Import Request.
  Time since last request: 0.000017 seconds.
  path: Assets/KajamansRoads/Materials/CornMob.mat
  artifactKey: Guid(722fc5104832c4544b183a83e470029e) Importer(2089858483,0ecaa5967403d082aa24f35e1b516d23)
Start importing Assets/KajamansRoads/Materials/CornMob.mat using Guid(722fc5104832c4544b183a83e470029e) Importer(2089858483,0ecaa5967403d082aa24f35e1b516d23)  -> (artifact id: '429a2451b6cac718b0d29795e5df1cfa') in 0.013854 seconds
Number of updated asset objects reloaded before import = 0
Number of asset objects unloaded after import = 2
========================================================================
Received Import Request.
  Time since last request: 0.000011 seconds.
  path: Assets/KajamansRoads/Materials/TreesMat.mat
  artifactKey: Guid(b6403be70606b9f41a7c4e6ca4c72178) Importer(2089858483,0ecaa5967403d082aa24f35e1b516d23)
Start importing Assets/KajamansRoads/Materials/TreesMat.mat using Guid(b6403be70606b9f41a7c4e6ca4c72178) Importer(2089858483,0ecaa5967403d082aa24f35e1b516d23)  -> (artifact id: 'dc2482e0ff876f7bc01deb0305b2de0e') in 0.008635 seconds
Number of updated asset objects reloaded before import = 0
Number of asset objects unloaded after import = 2
========================================================================
Received Import Request.
  Time since last request: 0.000015 seconds.
  path: Assets/KajamansRoads/Materials/4RoadMat.mat
  artifactKey: Guid(a56ecb4b0075cf0438f4253f983e3286) Importer(2089858483,0ecaa5967403d082aa24f35e1b516d23)
Start importing Assets/KajamansRoads/Materials/4RoadMat.mat using Guid(a56ecb4b0075cf0438f4253f983e3286) Importer(2089858483,0ecaa5967403d082aa24f35e1b516d23)  -> (artifact id: 'b84a5c692074608d6609bb763a0336ae') in 0.004326 seconds
Number of updated asset objects reloaded before import = 0
Number of asset objects unloaded after import = 3
========================================================================
Received Import Request.
  Time since last request: 0.000013 seconds.
  path: Assets/KajamansRoads/Materials
  artifactKey: Guid(8c7955cee5c960d4abae1b2442de3deb) Importer(2089858483,0ecaa5967403d082aa24f35e1b516d23)
Start importing Assets/KajamansRoads/Materials using Guid(8c7955cee5c960d4abae1b2442de3deb) Importer(2089858483,0ecaa5967403d082aa24f35e1b516d23)  -> (artifact id: 'f7bcebf444837ab0368cf16fa7c83293') in 0.002282 seconds
Number of updated asset objects reloaded before import = 0
Number of asset objects unloaded after import = 1
========================================================================
Received Import Request.
  Time since last request: 0.000016 seconds.
  path: Assets/KajamansRoads/Textures/Road_6lane_dark02.png
  artifactKey: Guid(b8c2da5c1a21a2d4db1258e220ecf820) Importer(2089858483,0ecaa5967403d082aa24f35e1b516d23)
Start importing Assets/KajamansRoads/Textures/Road_6lane_dark02.png using Guid(b8c2da5c1a21a2d4db1258e220ecf820) Importer(2089858483,0ecaa5967403d082aa24f35e1b516d23)  -> (artifact id: 'ab5306c1cb8e9b1a83cbeec0203b9df5') in 0.008464 seconds
Number of updated asset objects reloaded before import = 0
Number of asset objects unloaded after import = 1
========================================================================
Received Import Request.
  Time since last request: 0.000013 seconds.
  path: Assets/KajamansRoads/Textures/Road_4lane_dark02.png
  artifactKey: Guid(26e5d3be41c3ec8488906cfe5a2327ab) Importer(2089858483,0ecaa5967403d082aa24f35e1b516d23)
Start importing Assets/KajamansRoads/Textures/Road_4lane_dark02.png using Guid(26e5d3be41c3ec8488906cfe5a2327ab) Importer(2089858483,0ecaa5967403d082aa24f35e1b516d23)  -> (artifact id: '06799c5e3f9a42e83bca114a8e53774e') in 0.008080 seconds
Number of updated asset objects reloaded before import = 0
Number of asset objects unloaded after import = 1
========================================================================
Received Import Request.
  Time since last request: 0.000010 seconds.
  path: Assets/KajamansRoads/Materials/DefaultPhysicsMaterial.physicMaterial
  artifactKey: Guid(942d75633d65e564f9d0bd608fd72c40) Importer(2089858483,0ecaa5967403d082aa24f35e1b516d23)
Start importing Assets/KajamansRoads/Materials/DefaultPhysicsMaterial.physicMaterial using Guid(942d75633d65e564f9d0bd608fd72c40) Importer(2089858483,0ecaa5967403d082aa24f35e1b516d23)  -> (artifact id: '9ec81faade90830651586bb91721e58a') in 0.002198 seconds
Number of updated asset objects reloaded before import = 0
Number of asset objects unloaded after import = 1
========================================================================
Received Import Request.
  Time since last request: 0.000015 seconds.
  path: Assets/KajamansRoads/Materials/1RoadMob.mat
  artifactKey: Guid(d13de2fe17705894b8d1881d44165e8b) Importer(2089858483,0ecaa5967403d082aa24f35e1b516d23)
Start importing Assets/KajamansRoads/Materials/1RoadMob.mat using Guid(d13de2fe17705894b8d1881d44165e8b) Importer(2089858483,0ecaa5967403d082aa24f35e1b516d23)  -> (artifact id: '771e8592160feb342fc7a9a5797c1779') in 0.002886 seconds
Number of updated asset objects reloaded before import = 0
Number of asset objects unloaded after import = 2
========================================================================
Received Import Request.
  Time since last request: 0.000023 seconds.
  path: Assets/KajamansRoads/Free/Prefabs/l10km_cc4_sl69_t(1212029)_rw12_wh15_n1_RsBtW_MeshV00.prefab
  artifactKey: Guid(52005168084e10d4998228ecb47015ee) Importer(2089858483,0ecaa5967403d082aa24f35e1b516d23)
Start importing Assets/KajamansRoads/Free/Prefabs/l10km_cc4_sl69_t(1212029)_rw12_wh15_n1_RsBtW_MeshV00.prefab using Guid(52005168084e10d4998228ecb47015ee) Importer(2089858483,0ecaa5967403d082aa24f35e1b516d23)  -> (artifact id: '9ae4d53847d0793a9d0a364f3ec1d340') in 0.010908 seconds
Number of updated asset objects reloaded before import = 0
Number of asset objects unloaded after import = 9
========================================================================
Received Import Request.
  Time since last request: 0.000026 seconds.
  path: Assets/KajamansRoads/Free/Obj/l10km_cc4_sl69_t(1212029)_rw12_wh15_n1_RsBtW_MeshV00.obj
  artifactKey: Guid(4d1c0c37730856b4a9a945ffefad4ab3) Importer(2089858483,0ecaa5967403d082aa24f35e1b516d23)
Start importing Assets/KajamansRoads/Free/Obj/l10km_cc4_sl69_t(1212029)_rw12_wh15_n1_RsBtW_MeshV00.obj using Guid(4d1c0c37730856b4a9a945ffefad4ab3) Importer(2089858483,0ecaa5967403d082aa24f35e1b516d23)  -> (artifact id: '5f6e15a2f8efb08fd4facd9575b21378') in 0.013582 seconds
Number of updated asset objects reloaded before import = 0
Number of asset objects unloaded after import = 19
========================================================================
Received Import Request.
  Time since last request: 0.000020 seconds.
  path: Assets/KajamansRoads/Free/Prefabs/l20km_cc2_sl30_t(401509)_rw28_wh15_n1_RsBTW_MeshV00_m.prefab
  artifactKey: Guid(26419c6407d63bc4abd79bf3d120f522) Importer(2089858483,0ecaa5967403d082aa24f35e1b516d23)
Start importing Assets/KajamansRoads/Free/Prefabs/l20km_cc2_sl30_t(401509)_rw28_wh15_n1_RsBTW_MeshV00_m.prefab using Guid(26419c6407d63bc4abd79bf3d120f522) Importer(2089858483,0ecaa5967403d082aa24f35e1b516d23)  -> (artifact id: '4fd3360eeb009e31551a44660e58e3d1') in 0.012080 seconds
Number of updated asset objects reloaded before import = 0
Number of asset objects unloaded after import = 9
========================================================================
Received Import Request.
  Time since last request: 0.000016 seconds.
  path: Assets/KajamansRoads/Textures/MyListTree02b.png
  artifactKey: Guid(fc603b4bb27e4ca419431f0579129b6e) Importer(2089858483,0ecaa5967403d082aa24f35e1b516d23)
Start importing Assets/KajamansRoads/Textures/MyListTree02b.png using Guid(fc603b4bb27e4ca419431f0579129b6e) Importer(2089858483,0ecaa5967403d082aa24f35e1b516d23)  -> (artifact id: '86433b716ed554fc4b95ea76ac9a64bd') in 0.007558 seconds
Number of updated asset objects reloaded before import = 0
Number of asset objects unloaded after import = 1
========================================================================
Received Import Request.
  Time since last request: 0.000014 seconds.
  path: Assets/KajamansRoads/Textures/Road_6lane_dark02_n.png
  artifactKey: Guid(af254861f2d322c4282fcbfc9d9695b7) Importer(2089858483,0ecaa5967403d082aa24f35e1b516d23)
Start importing Assets/KajamansRoads/Textures/Road_6lane_dark02_n.png using Guid(af254861f2d322c4282fcbfc9d9695b7) Importer(2089858483,0ecaa5967403d082aa24f35e1b516d23)  -> (artifact id: '0dea66695313bdd46cc44b64f747fdcf') in 0.009995 seconds
Number of updated asset objects reloaded before import = 0
Number of asset objects unloaded after import = 1
========================================================================
Received Import Request.
  Time since last request: 0.000019 seconds.
  path: Assets/KajamansRoads/FileNamesDescription.txt
  artifactKey: Guid(6208aa77eb8558d49ae5cc133744e301) Importer(2089858483,0ecaa5967403d082aa24f35e1b516d23)
Start importing Assets/KajamansRoads/FileNamesDescription.txt using Guid(6208aa77eb8558d49ae5cc133744e301) Importer(2089858483,0ecaa5967403d082aa24f35e1b516d23)  -> (artifact id: 'faf83d4463e4c923ad9917c690f0ea3e') in 0.002365 seconds
Number of updated asset objects reloaded before import = 0
Number of asset objects unloaded after import = 1
========================================================================
Received Import Request.
  Time since last request: 0.000011 seconds.
  path: Assets/KajamansRoads/Materials/6RoadMat.mat
  artifactKey: Guid(81d5ef976824ab9448707292bc4a5884) Importer(2089858483,0ecaa5967403d082aa24f35e1b516d23)
Start importing Assets/KajamansRoads/Materials/6RoadMat.mat using Guid(81d5ef976824ab9448707292bc4a5884) Importer(2089858483,0ecaa5967403d082aa24f35e1b516d23)  -> (artifact id: 'd45f7c4d3e81c9ab4c5e863a4a6473fd') in 0.005054 seconds
Number of updated asset objects reloaded before import = 0
Number of asset objects unloaded after import = 3
========================================================================
Received Import Request.
  Time since last request: 0.000014 seconds.
  path: Assets/KajamansRoads/Textures/Road_2lane_dark02.png
  artifactKey: Guid(569aa5e3c5b35dd4a95a1c27836396fd) Importer(2089858483,0ecaa5967403d082aa24f35e1b516d23)
Start importing Assets/KajamansRoads/Textures/Road_2lane_dark02.png using Guid(569aa5e3c5b35dd4a95a1c27836396fd) Importer(2089858483,0ecaa5967403d082aa24f35e1b516d23)  -> (artifact id: '71017c89a597a27e8e4b653b953cb7fb') in 0.009892 seconds
Number of updated asset objects reloaded before import = 0
Number of asset objects unloaded after import = 1
========================================================================
Received Import Request.
  Time since last request: 0.000015 seconds.
  path: Assets/KajamansRoads/Free/ReadMe.txt
  artifactKey: Guid(475e642bb02764d4192d76e06c891e69) Importer(2089858483,0ecaa5967403d082aa24f35e1b516d23)
Start importing Assets/KajamansRoads/Free/ReadMe.txt using Guid(475e642bb02764d4192d76e06c891e69) Importer(2089858483,0ecaa5967403d082aa24f35e1b516d23)  -> (artifact id: '15eda98df62338fb791813e26db276f4') in 0.002215 seconds
Number of updated asset objects reloaded before import = 0
Number of asset objects unloaded after import = 1
========================================================================
Received Import Request.
  Time since last request: 0.000017 seconds.
  path: Assets/KajamansRoads/Materials/CornMat.mat
  artifactKey: Guid(b075f69b3512eb747b85a1f49a275b6e) Importer(2089858483,0ecaa5967403d082aa24f35e1b516d23)
Start importing Assets/KajamansRoads/Materials/CornMat.mat using Guid(b075f69b3512eb747b85a1f49a275b6e) Importer(2089858483,0ecaa5967403d082aa24f35e1b516d23)  -> (artifact id: '22a80df29539f95459f2a8681cbfcfb8') in 0.005797 seconds
Number of updated asset objects reloaded before import = 0
Number of asset objects unloaded after import = 2
========================================================================
Received Import Request.
  Time since last request: 0.000018 seconds.
  path: Assets/KajamansRoads/Free/Prefabs/l10km_cc4_sl20_t(12123025)_A87113010_Alley_m.prefab
  artifactKey: Guid(7a5fccb891a9c954589776539299e74e) Importer(2089858483,0ecaa5967403d082aa24f35e1b516d23)
Start importing Assets/KajamansRoads/Free/Prefabs/l10km_cc4_sl20_t(12123025)_A87113010_Alley_m.prefab using Guid(7a5fccb891a9c954589776539299e74e) Importer(2089858483,0ecaa5967403d082aa24f35e1b516d23)  -> (artifact id: 'f757990666fa79f2a0a0d195bf3a9f47') in 0.006513 seconds
Number of updated asset objects reloaded before import = 0
Number of asset objects unloaded after import = 7
========================================================================
Received Import Request.
  Time since last request: 0.000016 seconds.
  path: Assets/KajamansRoads/Free/Obj/Materials/group0Mat.mat
  artifactKey: Guid(6a3d2b5090542c94b8362b93b0399c6d) Importer(2089858483,0ecaa5967403d082aa24f35e1b516d23)
Start importing Assets/KajamansRoads/Free/Obj/Materials/group0Mat.mat using Guid(6a3d2b5090542c94b8362b93b0399c6d) Importer(2089858483,0ecaa5967403d082aa24f35e1b516d23)  -> (artifact id: 'a9e6d023a44cde88903fd62fff56ed9b') in 0.003800 seconds
Number of updated asset objects reloaded before import = 0
Number of asset objects unloaded after import = 1
========================================================================
Received Import Request.
  Time since last request: 0.000012 seconds.
  path: Assets/KajamansRoads/Free/Obj/Materials
  artifactKey: Guid(d794e10d6adf0ab46b887a3b1c5526ce) Importer(2089858483,0ecaa5967403d082aa24f35e1b516d23)
Start importing Assets/KajamansRoads/Free/Obj/Materials using Guid(d794e10d6adf0ab46b887a3b1c5526ce) Importer(2089858483,0ecaa5967403d082aa24f35e1b516d23)  -> (artifact id: '3f92b29e31dd650283bf82c38a3f5f1e') in 0.002009 seconds
Number of updated asset objects reloaded before import = 0
Number of asset objects unloaded after import = 1
========================================================================
Received Import Request.
  Time since last request: 0.000013 seconds.
  path: Assets/KajamansRoads/Materials/GrassMob.mat
  artifactKey: Guid(8416ef8d926448d478f2d1436d6c6838) Importer(2089858483,0ecaa5967403d082aa24f35e1b516d23)
Start importing Assets/KajamansRoads/Materials/GrassMob.mat using Guid(8416ef8d926448d478f2d1436d6c6838) Importer(2089858483,0ecaa5967403d082aa24f35e1b516d23)  -> (artifact id: '7ef511ead9b9e6db93bd96ccdb38f2db') in 0.003378 seconds
Number of updated asset objects reloaded before import = 0
Number of asset objects unloaded after import = 2
========================================================================
Received Import Request.
  Time since last request: 0.000018 seconds.
  path: Assets/KajamansRoads/Materials/DirtRoadMat.mat
  artifactKey: Guid(0e2c7a3736bbcf6429b6c142c6bb36bc) Importer(2089858483,0ecaa5967403d082aa24f35e1b516d23)
Start importing Assets/KajamansRoads/Materials/DirtRoadMat.mat using Guid(0e2c7a3736bbcf6429b6c142c6bb36bc) Importer(2089858483,0ecaa5967403d082aa24f35e1b516d23)  -> (artifact id: 'e78fa98ea9b99242fe1ce7778fe688bb') in 0.004702 seconds
Number of updated asset objects reloaded before import = 0
Number of asset objects unloaded after import = 3
========================================================================
Received Import Request.
  Time since last request: 0.000031 seconds.
  path: Assets/KajamansRoads/Textures/MyPineTree04.png
  artifactKey: Guid(584bc70abf917a447ada29e5833532aa) Importer(2089858483,0ecaa5967403d082aa24f35e1b516d23)
Start importing Assets/KajamansRoads/Textures/MyPineTree04.png using Guid(584bc70abf917a447ada29e5833532aa) Importer(2089858483,0ecaa5967403d082aa24f35e1b516d23)  -> (artifact id: 'ba0b5927b8ab4869409a34ac7311178b') in 0.010457 seconds
Number of updated asset objects reloaded before import = 0
Number of asset objects unloaded after import = 1
========================================================================
Received Import Request.
  Time since last request: 0.000027 seconds.
  path: Assets/KajamansRoads/Free/Prefabs/l10km_cc4_sl69_t(1212029)_rw12_wh15_n1_RsBtW_MeshV00_m.prefab
  artifactKey: Guid(6becd15d7262243478b14c339313ad72) Importer(2089858483,0ecaa5967403d082aa24f35e1b516d23)
Start importing Assets/KajamansRoads/Free/Prefabs/l10km_cc4_sl69_t(1212029)_rw12_wh15_n1_RsBtW_MeshV00_m.prefab using Guid(6becd15d7262243478b14c339313ad72) Importer(2089858483,0ecaa5967403d082aa24f35e1b516d23)  -> (artifact id: '1db2420318cdce7db00ccd9663d86d88') in 0.013087 seconds
Number of updated asset objects reloaded before import = 0
Number of asset objects unloaded after import = 9
========================================================================
Received Import Request.
  Time since last request: 0.000023 seconds.
  path: Assets/KajamansRoads/Textures/GravelRoad_01_n.png
  artifactKey: Guid(37a3081863cdaf74eb9a690e35bfe94f) Importer(2089858483,0ecaa5967403d082aa24f35e1b516d23)
Start importing Assets/KajamansRoads/Textures/GravelRoad_01_n.png using Guid(37a3081863cdaf74eb9a690e35bfe94f) Importer(2089858483,0ecaa5967403d082aa24f35e1b516d23)  -> (artifact id: '8d4ad1a39edf7543e96d47c21f2f0c65') in 0.008495 seconds
Number of updated asset objects reloaded before import = 0
Number of asset objects unloaded after import = 1
========================================================================
Received Import Request.
  Time since last request: 0.000018 seconds.
  path: Assets/KajamansRoads/Free/Prefabs/l10km_cc4_sl20_t(12123025)_rw10_wh3_n3_RsBTW_MeshV00_m.prefab
  artifactKey: Guid(6215070e0f160d74998efe50358b3d5e) Importer(2089858483,0ecaa5967403d082aa24f35e1b516d23)
Start importing Assets/KajamansRoads/Free/Prefabs/l10km_cc4_sl20_t(12123025)_rw10_wh3_n3_RsBTW_MeshV00_m.prefab using Guid(6215070e0f160d74998efe50358b3d5e) Importer(2089858483,0ecaa5967403d082aa24f35e1b516d23)  -> (artifact id: '2ea0cfafc4d497d31ced83752092bf7f') in 0.013546 seconds
Number of updated asset objects reloaded before import = 0
Number of asset objects unloaded after import = 9
Editor requested this worker to shutdown with reason: Scaling down because of idle timeout
TcpMessagingSession - receive error: operation aborted. errorcode: 995, details: La operación de E/S se anuló por una salida de subproceso o por una solicitud de aplicación.
AssetImportWorker is now disconnected from the server
Process exiting
Exiting without the bug reporter. Application will terminate with return code 0